<?xml version="1.0" encoding="UTF-8"?>
<!-- Generated by org.testng.reporters.JUnitXMLReporter -->
<testsuite ignored="0" hostname="LAPTOP-RRILVGN8" failures="0" tests="2" name="Cucumber Tests" time="42.671" errors="0" timestamp="2026-04-07T22:12:23 IST">
  <testcase classname="io.cucumber.testng.AbstractTestNGCucumberTests" name="runScenario" time="30.654"/>
  <testcase classname="io.cucumber.testng.AbstractTestNGCucumberTests" name="runScenario" time="41.623"/>
</testsuite> <!-- Cucumber Tests -->
