<?xml version="1.0" encoding="UTF-8"?>
<!-- Generated by org.testng.reporters.JUnitXMLReporter -->
<testsuite ignored="0" hostname="LAPTOP-RRILVGN8" failures="0" tests="2" name="Cucumber Tests" time="44.829" errors="0" timestamp="2026-04-03T16:33:40 IST">
  <testcase classname="io.cucumber.testng.AbstractTestNGCucumberTests" name="runScenario" time="20.39"/>
  <testcase classname="io.cucumber.testng.AbstractTestNGCucumberTests" name="runScenario" time="43.881"/>
</testsuite> <!-- Cucumber Tests -->
