<?xml version="1.0" encoding="UTF-8"?>
<testsuite xmlns:xsi="http://www.w3.org/2001/XMLSchema-instance" xsi:noNamespaceSchemaLocation="https://maven.apache.org/surefire/maven-surefire-plugin/xsd/surefire-test-report-3.0.xsd" version="3.0" name="TestSuite" time="40.858" tests="2" errors="0" skipped="0" failures="1">
  <properties>
[...]
</properties>
  <testcase name="runScenario[&quot;Add product to cart from Toys category&quot;, &quot;Amazon Add to Cart Functionality&quot;](1)" classname="runners.TestRunner" time="29.191">
    <failure message="Expected condition failed: waiting for element to be clickable: By.xpath: //span[text()=&apos;Fotball&apos;] (tried for 10 second(s) with 500 milliseconds interval)&#10;Build info: version: &apos;4.21.0&apos;, revision: &apos;79ed462ef4&apos;&#10;System info: os.name: &apos;Windows 11&apos;, os.arch: &apos;amd64&apos;, os.version: &apos;10.0&apos;, java.version: &apos;22&apos;&#10;Driver info: org.openqa.selenium.edge.EdgeDriver&#10;Capabilities {acceptInsecureCerts: false, browserName: MicrosoftEdge, browserVersion: 146.0.3856.97, fedcm:accounts: true, goog:processID: 2156, ms:edgeOptions: {debuggerAddress: localhost:56881}, msedge: {msedgedriverVersion: 146.0.3856.84 (fe100ed2d0fb..., userDataDir: C:\Users\KADITY~1\AppData\L...}, networkConnectionEnabled: false, pageLoadStrategy: normal, platformName: windows, proxy: Proxy(), se:cdp: ws://localhost:56881/devtoo..., se:cdpVersion: 146.0.3856.97, setWindowRect: true, strictFileInteractability: false, timeouts: {implicit: 0, pageLoad: 300000, script: 30000}, unhandledPromptBehavior: dismiss and notify, webauthn:extension:credBlob: true, webauthn:extension:largeBlob: true, webauthn:extension:minPinLength: true, webauthn:extension:prf: true, webauthn:virtualAuthenticators: true}&#10;Session ID: 507dd0ca0fa7da5d1c08d8445ace84b3" type="org.openqa.selenium.TimeoutException"><![CDATA[org.openqa.selenium.TimeoutException: 
Expected condition failed: waiting for element to be clickable: By.xpath: //span[text()='Fotball'] (tried for 10 second(s) with 500 milliseconds interval)
Build info: version: '4.21.0', revision: '79ed462ef4'
System info: os.name: 'Windows 11', os.arch: 'amd64', os.version: '10.0', java.version: '22'
Driver info: org.openqa.selenium.edge.EdgeDriver
Capabilities {acceptInsecureCerts: false, browserName: MicrosoftEdge, browserVersion: 146.0.3856.97, fedcm:accounts: true, goog:processID: 2156, ms:edgeOptions: {debuggerAddress: localhost:56881}, msedge: {msedgedriverVersion: 146.0.3856.84 (fe100ed2d0fb..., userDataDir: C:\Users\KADITY~1\AppData\L...}, networkConnectionEnabled: false, pageLoadStrategy: normal, platformName: windows, proxy: Proxy(), se:cdp: ws://localhost:56881/devtoo..., se:cdpVersion: 146.0.3856.97, setWindowRect: true, strictFileInteractability: false, timeouts: {implicit: 0, pageLoad: 300000, script: 30000}, unhandledPromptBehavior: dismiss and notify, webauthn:extension:credBlob: true, webauthn:extension:largeBlob: true, webauthn:extension:minPinLength: true, webauthn:extension:prf: true, webauthn:virtualAuthenticators: true}
Session ID: 507dd0ca0fa7da5d1c08d8445ace84b3
	at org.openqa.selenium.support.ui.WebDriverWait.timeoutException(WebDriverWait.java:84)
	at org.openqa.selenium.support.ui.FluentWait.until(FluentWait.java:228)
	at pages.CategoryPage.navigateToFootball(CategoryPage.java:23)
	at stepdefinitions.AmazonCartSteps.selectProduct(AmazonCartSteps.java:33)
	at ✽.user selects a product from category page(file:///C:/Users/K%20Aditya/IdeaProjects/WalmartUiAutomation/src/test/resources/features/add_to_cart.feature:7)
]]></failure>
    <system-out><![CDATA[
Scenario: Add product to cart from Toys category # src/test/resources/features/add_to_cart.feature:3
16:22:01 INFO  hooks.Hooks - ========== TEST STARTED: Add product to cart from Toys category ==========
Launching browser: edge
16:22:05 INFO  hooks.Hooks - Browser launched and URL opened
16:22:05 INFO  stepdefinitions.AmazonCartSteps - Amazon homepage opened
  Given user is on Amazon homepage               # stepdefinitions.AmazonCartSteps.openAmazon()
16:22:05 INFO  stepdefinitions.AmazonCartSteps - Navigating to Toys category
  When user navigates to Toys category from menu # stepdefinitions.AmazonCartSteps.navigateMenu()
16:22:11 INFO  stepdefinitions.AmazonCartSteps - Selecting product
  And user selects a product from category page  # stepdefinitions.AmazonCartSteps.selectProduct()
      org.openqa.selenium.TimeoutException: Expected condition failed: waiting for element to be clickable: By.xpath: //span[text()='Fotball'] (tried for 10 second(s) with 500 milliseconds interval)
Build info: version: '4.21.0', revision: '79ed462ef4'
System info: os.name: 'Windows 11', os.arch: 'amd64', os.version: '10.0', java.version: '22'
Driver info: org.openqa.selenium.edge.EdgeDriver
Capabilities {acceptInsecureCerts: false, browserName: MicrosoftEdge, browserVersion: 146.0.3856.97, fedcm:accounts: true, goog:processID: 2156, ms:edgeOptions: {debuggerAddress: localhost:56881}, msedge: {msedgedriverVersion: 146.0.3856.84 (fe100ed2d0fb..., userDataDir: C:\Users\KADITY~1\AppData\L...}, networkConnectionEnabled: false, pageLoadStrategy: normal, platformName: windows, proxy: Proxy(), se:cdp: ws://localhost:56881/devtoo..., se:cdpVersion: 146.0.3856.97, setWindowRect: true, strictFileInteractability: false, timeouts: {implicit: 0, pageLoad: 300000, script: 30000}, unhandledPromptBehavior: dismiss and notify, webauthn:extension:credBlob: true, webauthn:extension:largeBlob: true, webauthn:extension:minPinLength: true, webauthn:extension:prf: true, webauthn:virtualAuthenticators: true}
Session ID: 507dd0ca0fa7da5d1c08d8445ace84b3
	at org.openqa.selenium.support.ui.WebDriverWait.timeoutException(WebDriverWait.java:84)
	at org.openqa.selenium.support.ui.FluentWait.until(FluentWait.java:228)
	at pages.CategoryPage.navigateToFootball(CategoryPage.java:23)
	at stepdefinitions.AmazonCartSteps.selectProduct(AmazonCartSteps.java:33)
	at ✽.user selects a product from category page(file:///C:/Users/K%20Aditya/IdeaProjects/WalmartUiAutomation/src/test/resources/features/add_to_cart.feature:7)

  And user switches to product tab               # stepdefinitions.AmazonCartSteps.switchTab()
  Then product page should be displayed          # stepdefinitions.AmazonCartSteps.validateProductPage()
  When user adds product to cart                 # stepdefinitions.AmazonCartSteps.addCart()
  And user navigates to cart page                # stepdefinitions.AmazonCartSteps.openCart()
  Then product should be added to cart           # stepdefinitions.AmazonCartSteps.validateProductAdded()
  And subtotal should be displayed               # stepdefinitions.AmazonCartSteps.validateSubtotal()
  And cart count should be updated               # stepdefinitions.AmazonCartSteps.validateCartCount()
16:22:28 ERROR hooks.Hooks - TEST FAILED: Add product to cart from Toys category

    Embedding Add product to cart from Toys category [image/png 363995 bytes]

16:22:29 INFO  hooks.Hooks - Browser closed
16:22:29 INFO  hooks.Hooks - ========== TEST ENDED ==========

]]></system-out>
    <system-err><![CDATA[SLF4J: Failed to load class "org.slf4j.impl.StaticLoggerBinder".
SLF4J: Defaulting to no-operation (NOP) logger implementation
SLF4J: See http://www.slf4j.org/codes.html#StaticLoggerBinder for further details.
Apr 02, 2026 4:22:03 PM org.openqa.selenium.devtools.CdpVersionFinder findNearestMatch
WARNING: Unable to find CDP implementation matching 146
Apr 02, 2026 4:22:03 PM org.openqa.selenium.chromium.ChromiumDriver lambda$new$5
WARNING: Unable to find version of CDP to use for 146.0.3856.97. You may need to include a dependency on a specific version of the CDP using something similar to `org.seleniumhq.selenium:selenium-devtools-v86:4.21.0` where the version ("v86") matches the version of the chromium-based browser you're using and the version number of the artifact is the same as Selenium's.
java.nio.file.FileAlreadyExistsException: C:\Users\K Aditya\IdeaProjects\WalmartUiAutomation\reports\screenshots\Add_product_to_cart_from_Toys_category.png
	at java.base/sun.nio.fs.WindowsFileCopy.copy(WindowsFileCopy.java:133)
	at java.base/sun.nio.fs.WindowsFileSystemProvider.copy(WindowsFileSystemProvider.java:282)
	at java.base/java.nio.file.Files.copy(Files.java:1304)
	at utils.ScreenshotUtil.capture(ScreenshotUtil.java:26)
	at hooks.Hooks.tearDown(Hooks.java:46)
	at java.base/jdk.internal.reflect.DirectMethodHandleAccessor.invoke(DirectMethodHandleAccessor.java:103)
	at java.base/java.lang.reflect.Method.invoke(Method.java:580)
	at io.cucumber.java.Invoker.doInvoke(Invoker.java:66)
	at io.cucumber.java.Invoker.invoke(Invoker.java:24)
	at io.cucumber.java.AbstractGlueDefinition.invokeMethod(AbstractGlueDefinition.java:47)
	at io.cucumber.java.JavaHookDefinition.execute(JavaHookDefinition.java:64)
	at io.cucumber.core.runner.CoreHookDefinition.execute(CoreHookDefinition.java:46)
	at io.cucumber.core.runner.HookDefinitionMatch.runStep(HookDefinitionMatch.java:21)
	at io.cucumber.core.runner.ExecutionMode$1.execute(ExecutionMode.java:10)
	at io.cucumber.core.runner.TestStep.executeStep(TestStep.java:81)
	at io.cucumber.core.runner.TestStep.run(TestStep.java:53)
	at io.cucumber.core.runner.TestCase.run(TestCase.java:90)
	at io.cucumber.core.runner.Runner.runPickle(Runner.java:75)
	at io.cucumber.testng.TestNGCucumberRunner.lambda$runScenario$1(TestNGCucumberRunner.java:132)
	at io.cucumber.core.runtime.CucumberExecutionContext.lambda$runTestCase$5(CucumberExecutionContext.java:136)
	at io.cucumber.core.runtime.RethrowingThrowableCollector.executeAndThrow(RethrowingThrowableCollector.java:23)
	at io.cucumber.core.runtime.CucumberExecutionContext.runTestCase(CucumberExecutionContext.java:136)
	at io.cucumber.testng.TestNGCucumberRunner.runScenario(TestNGCucumberRunner.java:129)
	at io.cucumber.testng.AbstractTestNGCucumberTests.runScenario(AbstractTestNGCucumberTests.java:35)
	at java.base/jdk.internal.reflect.DirectMethodHandleAccessor.invoke(DirectMethodHandleAccessor.java:103)
	at java.base/java.lang.reflect.Method.invoke(Method.java:580)
	at org.testng.internal.invokers.MethodInvocationHelper.invokeMethod(MethodInvocationHelper.java:141)
	at org.testng.internal.invokers.TestInvoker.invokeMethod(TestInvoker.java:686)
	at org.testng.internal.invokers.TestInvoker.invokeTestMethod(TestInvoker.java:230)
	at org.testng.internal.invokers.MethodRunner.runInSequence(MethodRunner.java:63)
	at org.testng.internal.invokers.TestInvoker$MethodInvocationAgent.invoke(TestInvoker.java:992)
	at org.testng.internal.invokers.TestInvoker.invokeTestMethods(TestInvoker.java:203)
	at org.testng.internal.invokers.TestMethodWorker.invokeTestMethods(TestMethodWorker.java:154)
	at org.testng.internal.invokers.TestMethodWorker.run(TestMethodWorker.java:134)
	at java.base/java.util.ArrayList.forEach(ArrayList.java:1597)
	at org.testng.TestRunner.privateRun(TestRunner.java:739)
	at org.testng.TestRunner.run(TestRunner.java:614)
	at org.testng.SuiteRunner.runTest(SuiteRunner.java:421)
	at org.testng.SuiteRunner.runSequentially(SuiteRunner.java:413)
	at org.testng.SuiteRunner.privateRun(SuiteRunner.java:373)
	at org.testng.SuiteRunner.run(SuiteRunner.java:312)
	at org.testng.SuiteRunnerWorker.runSuite(SuiteRunnerWorker.java:52)
	at org.testng.SuiteRunnerWorker.run(SuiteRunnerWorker.java:95)
	at org.testng.TestNG.runSuitesSequentially(TestNG.java:1274)
	at org.testng.TestNG.runSuitesLocally(TestNG.java:1208)
	at org.testng.TestNG.runSuites(TestNG.java:1112)
	at org.testng.TestNG.run(TestNG.java:1079)
	at org.apache.maven.surefire.testng.TestNGExecutor.run(TestNGExecutor.java:308)
	at org.apache.maven.surefire.testng.TestNGXmlTestSuite.execute(TestNGXmlTestSuite.java:71)
	at org.apache.maven.surefire.testng.TestNGProvider.invoke(TestNGProvider.java:113)
	at org.apache.maven.surefire.booter.ForkedBooter.runSuitesInProcess(ForkedBooter.java:385)
	at org.apache.maven.surefire.booter.ForkedBooter.execute(ForkedBooter.java:162)
	at org.apache.maven.surefire.booter.ForkedBooter.run(ForkedBooter.java:507)
	at org.apache.maven.surefire.booter.ForkedBooter.main(ForkedBooter.java:495)
]]></system-err>
  </testcase>
  <testcase name="runScenario[&quot;Search for iPhone using search bar&quot;, &quot;Amazon Search Functionality&quot;](2)" classname="runners.TestRunner" time="9.993">
    <system-out><![CDATA[
Scenario: Search for iPhone using search bar # src/test/resources/features/search.feature:3
16:22:30 INFO  hooks.Hooks - ========== TEST STARTED: Search for iPhone using search bar ==========
Launching browser: edge
16:22:32 INFO  hooks.Hooks - Browser launched and URL opened
16:22:32 INFO  stepdefinitions.AmazonSearchSteps - Amazon homepage opened
  Given user opens Amazon homepage           # stepdefinitions.AmazonSearchSteps.openAmazon()
16:22:32 INFO  stepdefinitions.AmazonSearchSteps - Entering product: iPhone
  When user enters "iPhone" in search bar    # stepdefinitions.AmazonSearchSteps.enterSearch(java.lang.String)
16:22:36 INFO  stepdefinitions.AmazonSearchSteps - Clicking first suggestion
  And user clicks on first suggestion        # stepdefinitions.AmazonSearchSteps.clickFirstSuggestion()
16:22:39 INFO  stepdefinitions.AmazonSearchSteps - Validating results page
  Then results page should be displayed      # stepdefinitions.AmazonSearchSteps.verifyResultsPage()
16:22:39 INFO  stepdefinitions.AmazonSearchSteps - Validating results for: iPhone
  And results should be relevant to "iPhone" # stepdefinitions.AmazonSearchSteps.validateResults(java.lang.String)
16:22:39 INFO  hooks.Hooks - TEST PASSED: Search for iPhone using search bar
16:22:40 INFO  hooks.Hooks - Browser closed
16:22:40 INFO  hooks.Hooks - ========== TEST ENDED ==========

]]></system-out>
    <system-err><![CDATA[Apr 02, 2026 4:22:31 PM org.openqa.selenium.devtools.CdpVersionFinder findNearestMatch
WARNING: Unable to find CDP implementation matching 146
Apr 02, 2026 4:22:31 PM org.openqa.selenium.chromium.ChromiumDriver lambda$new$5
WARNING: Unable to find version of CDP to use for 146.0.3856.97. You may need to include a dependency on a specific version of the CDP using something similar to `org.seleniumhq.selenium:selenium-devtools-v86:4.21.0` where the version ("v86") matches the version of the chromium-based browser you're using and the version number of the artifact is the same as Selenium's.
]]></system-err>
  </testcase>
</testsuite>