<?xml version="1.0" encoding="UTF-8"?>
<testng-results ignored="0" total="2" passed="2" failed="0" skipped="0">
  <reporter-output>
  </reporter-output>
  <suite started-at="2026-04-03T16:32:55 IST" name="Walmart Suite" finished-at="2026-04-03T16:33:40 IST" duration-ms="44829">
    <groups>
      <group name="cucumber">
        <method signature="AbstractTestNGCucumberTests.runScenario(io.cucumber.testng.PickleWrapper,io.cucumber.testng.FeatureWrapper)[pri:0, instance:runners.TestRunner@30c15d8b]" name="runScenario" class="io.cucumber.testng.AbstractTestNGCucumberTests"/>
      </group> <!-- cucumber -->
    </groups>
    <test started-at="2026-04-03T16:32:55 IST" name="Cucumber Tests" finished-at="2026-04-03T16:33:40 IST" duration-ms="44829">
      <class name="runners.TestRunner">
        <test-method is-config="true" signature="setUpClass(org.testng.ITestContext)[pri:0, instance:runners.TestRunner@30c15d8b]" started-at="2026-04-03T16:32:55 IST" name="setUpClass" finished-at="2026-04-03T16:32:56 IST" duration-ms="856" status="PASS">
          <params>
            <param index="0">
              <value>
                <![CDATA[org.testng.TestRunner@1ddae9b5]]>
              </value>
            </param>
          </params>
          <reporter-output>
          </reporter-output>
        </test-method> <!-- setUpClass -->
        <test-method signature="runScenario(io.cucumber.testng.PickleWrapper,io.cucumber.testng.FeatureWrapper)[pri:0, instance:runners.TestRunner@30c15d8b]" started-at="2026-04-03T16:32:56 IST" name="runScenario" description="Runs Cucumber Scenarios" data-provider="scenarios" finished-at="2026-04-03T16:33:16 IST" duration-ms="20390" status="PASS">
          <params>
            <param index="0">
              <value>
                <![CDATA["Search for iPhone using search bar"]]>
              </value>
            </param>
            <param index="1">
              <value>
                <![CDATA["Amazon Search Functionality"]]>
              </value>
            </param>
          </params>
          <reporter-output>
          </reporter-output>
        </test-method> <!-- runScenario -->
        <test-method signature="runScenario(io.cucumber.testng.PickleWrapper,io.cucumber.testng.FeatureWrapper)[pri:0, instance:runners.TestRunner@30c15d8b]" started-at="2026-04-03T16:32:56 IST" name="runScenario" description="Runs Cucumber Scenarios" data-provider="scenarios" finished-at="2026-04-03T16:33:40 IST" duration-ms="43881" status="PASS">
          <params>
            <param index="0">
              <value>
                <![CDATA["Add product to cart from Toys category"]]>
              </value>
            </param>
            <param index="1">
              <value>
                <![CDATA["Amazon Add to Cart Functionality"]]>
              </value>
            </param>
          </params>
          <reporter-output>
          </reporter-output>
        </test-method> <!-- runScenario -->
        <test-method is-config="true" signature="tearDownClass()[pri:0, instance:runners.TestRunner@30c15d8b]" started-at="2026-04-03T16:33:40 IST" name="tearDownClass" finished-at="2026-04-03T16:33:40 IST" duration-ms="34" status="PASS">
          <reporter-output>
          </reporter-output>
        </test-method> <!-- tearDownClass -->
      </class> <!-- runners.TestRunner -->
    </test> <!-- Cucumber Tests -->
  </suite> <!-- Walmart Suite -->
</testng-results>
