<?xml version="1.0" encoding="UTF-8"?>
<testng-results ignored="0" total="2" passed="2" failed="0" skipped="0">
  <reporter-output>
  </reporter-output>
  <suite started-at="2026-04-07T22:11:40 IST" name="Amazon Suite" finished-at="2026-04-07T22:12:23 IST" duration-ms="42671">
    <groups>
      <group name="cucumber">
        <method signature="AbstractTestNGCucumberTests.runScenario(io.cucumber.testng.PickleWrapper,io.cucumber.testng.FeatureWrapper)[pri:0, instance:runners.TestRunner@22ff4249]" name="runScenario" class="io.cucumber.testng.AbstractTestNGCucumberTests"/>
      </group> <!-- cucumber -->
    </groups>
    <test started-at="2026-04-07T22:11:40 IST" name="Cucumber Tests" finished-at="2026-04-07T22:12:23 IST" duration-ms="42671">
      <class name="runners.TestRunner">
        <test-method is-config="true" signature="setUpClass(org.testng.ITestContext)[pri:0, instance:runners.TestRunner@22ff4249]" started-at="2026-04-07T22:11:40 IST" name="setUpClass" finished-at="2026-04-07T22:11:41 IST" duration-ms="922" status="PASS">
          <params>
            <param index="0">
              <value>
                <![CDATA[org.testng.TestRunner@4e76dac]]>
              </value>
            </param>
          </params>
          <reporter-output>
          </reporter-output>
        </test-method> <!-- setUpClass -->
        <test-method signature="runScenario(io.cucumber.testng.PickleWrapper,io.cucumber.testng.FeatureWrapper)[pri:0, instance:runners.TestRunner@22ff4249]" started-at="2026-04-07T22:11:41 IST" name="runScenario" description="Runs Cucumber Scenarios" data-provider="scenarios" finished-at="2026-04-07T22:12:23 IST" duration-ms="41623" status="PASS">
          <params>
            <param index="0">
              <value>
                <![CDATA["Add product to cart from Toys category"]]>
              </value>
            </param>
            <param index="1">
              <value>
                <![CDATA["Amazon Add to Cart Functionality"]]>
              </value>
            </param>
          </params>
          <reporter-output>
          </reporter-output>
        </test-method> <!-- runScenario -->
        <test-method signature="runScenario(io.cucumber.testng.PickleWrapper,io.cucumber.testng.FeatureWrapper)[pri:0, instance:runners.TestRunner@22ff4249]" started-at="2026-04-07T22:11:41 IST" name="runScenario" description="Runs Cucumber Scenarios" data-provider="scenarios" finished-at="2026-04-07T22:12:12 IST" duration-ms="30654" status="PASS">
          <params>
            <param index="0">
              <value>
                <![CDATA["Search product using JSON data"]]>
              </value>
            </param>
            <param index="1">
              <value>
                <![CDATA["Amazon Search Functionality"]]>
              </value>
            </param>
          </params>
          <reporter-output>
          </reporter-output>
        </test-method> <!-- runScenario -->
        <test-method is-config="true" signature="tearDownClass()[pri:0, instance:runners.TestRunner@22ff4249]" started-at="2026-04-07T22:12:23 IST" name="tearDownClass" finished-at="2026-04-07T22:12:23 IST" duration-ms="36" status="PASS">
          <reporter-output>
          </reporter-output>
        </test-method> <!-- tearDownClass -->
      </class> <!-- runners.TestRunner -->
    </test> <!-- Cucumber Tests -->
  </suite> <!-- Amazon Suite -->
</testng-results>
